2017-06-07 12:07:04,068 [INFO] gf_ant.py 126: {'mail_db': 'Ant_001.txt', 'balance': 50000, 'group': ['Ant_001', 'Ant_003'], 'mail_pass': 'abcabc123123', 'mail_user': 'qq3532619@163.com', 'mail_host': 'imap.163.com'}
2017-06-07 12:07:04,068 [INFO] gf_ant.py 128: login gf
2017-06-07 12:07:04,083 [INFO] gf_ant.py 130: login gf2
2017-06-07 12:07:10,468 [INFO] gf_ant.py 132: login gf3
2017-06-07 12:07:10,469 [INFO] gf_ant.py 39: handle mail function...........
2017-06-07 12:07:10,837 [INFO] gf_ant.py 58: <5934B36F.6AC7F9.29877@m181-177.vip.163.com>
2017-06-07 12:07:10,878 [INFO] gf_ant.py 58: <5934B36C.6AC7E9.29877@m181-177.vip.163.com>
2017-06-07 12:07:10,920 [INFO] gf_ant.py 58: <5934B36F.994CA7.01789@mail-177180.vip.163.com>
2017-06-07 12:07:10,965 [INFO] gf_ant.py 58: None
2017-06-07 12:07:11,006 [INFO] gf_ant.py 58: <593604F0.01FA5D.20399@mail-177180.vip.163.com>
2017-06-07 12:07:11,047 [INFO] gf_ant.py 58: <593604EE.01FA51.20399@mail-177180.vip.163.com>
2017-06-07 12:07:11,089 [INFO] gf_ant.py 58: <593604EA.024C30.18926@m181-177.vip.163.com>
2017-06-07 12:07:11,131 [INFO] gf_ant.py 58: <5937566F.063384.18926@m181-177.vip.163.com>
2017-06-07 12:07:11,156 [INFO] gf_ant.py 75: Ant_001 微利策略信号
2017-06-07 12:07:11,157 [INFO] gf_ant.py 83: mail is handled 3<5937566F.063384.18926@m181-177.vip.163.com>
2017-06-07 12:07:32,824 [INFO] gf_ant.py 126: {'mail_user': 'qq3532619@163.com', 'group': ['Ant_001', 'Ant_003'], 'mail_db': 'Ant_001.txt', 'mail_pass': 'abcabc123123', 'mail_host': 'imap.163.com', 'balance': 50000}
2017-06-07 12:07:32,825 [INFO] gf_ant.py 128: login gf
2017-06-07 12:07:32,825 [INFO] gf_ant.py 130: login gf2
2017-06-07 12:07:34,160 [INFO] gf_ant.py 132: login gf3
2017-06-07 12:07:34,160 [INFO] gf_ant.py 39: handle mail function...........
2017-06-07 12:07:34,505 [INFO] gf_ant.py 58: <5934B36F.6AC7F9.29877@m181-177.vip.163.com>
2017-06-07 12:07:34,549 [INFO] gf_ant.py 58: <5934B36C.6AC7E9.29877@m181-177.vip.163.com>
2017-06-07 12:07:34,593 [INFO] gf_ant.py 58: <5934B36F.994CA7.01789@mail-177180.vip.163.com>
2017-06-07 12:07:34,642 [INFO] gf_ant.py 58: None
2017-06-07 12:07:34,685 [INFO] gf_ant.py 58: <593604F0.01FA5D.20399@mail-177180.vip.163.com>
2017-06-07 12:07:34,728 [INFO] gf_ant.py 58: <593604EE.01FA51.20399@mail-177180.vip.163.com>
2017-06-07 12:07:34,776 [INFO] gf_ant.py 58: <593604EA.024C30.18926@m181-177.vip.163.com>
2017-06-07 12:07:34,823 [INFO] gf_ant.py 58: <5937566F.063384.18926@m181-177.vip.163.com>
2017-06-07 12:07:34,828 [INFO] gf_ant.py 75: Ant_001 微利策略信号
2017-06-07 12:07:34,829 [INFO] gf_ant.py 79: mail is handled
2017-06-07 12:07:34,829 [INFO] gf_ant.py 81: {"date": "", "sell": [], "buy": []}{"Total_profit_rate": "0%"}
2017-06-07 12:07:34,889 [INFO] gf_ant.py 58: <5937566F.063385.18926@m181-177.vip.163.com>
2017-06-07 12:07:34,890 [INFO] gf_ant.py 75: Ant_003 精选策略信号
2017-06-07 12:07:34,892 [INFO] gf_ant.py 83: mail is handled 3<5937566F.063385.18926@m181-177.vip.163.com>
2017-06-07 12:07:34,986 [INFO] gf_ant.py 139: trading...........
2017-06-07 12:07:34,987 [INFO] gf_ant.py 140: {'error_no': 0, 'data': [{'cost_balance': '-1202.42', 'position_str': '0030400000000001112526200010000000000A290985659600004', 'stock_name': '白云机场', 'entrust_sell_amount': '1000.00', 'hand_flag': '0', 'av_income_balance': '0', 'delist_date': '0', 'stock_type': '0', 'profit_ratio': '10.26', 'last_price': '17.9400', 'stock_code': '600004', 'income_balance_nofare': '1202.42', 'income_balance': '1202.42', 'keep_cost_price': '16.270', 'exchange_type': '1', 'enable_amount': '0', 'fund_account': '11125262', 'par_value': '1.000', 'av_buy_price': '16.270', 'real_sell_amount': '1000.00', 'cost_price': '16.270', 'stock_account': 'A290985659', 'exchange_type_dict': '上海', 'frozen_amount': '0', 'uncome_sell_amount': '0', 'asset_price': '17.940', 'uncome_buy_amount': '0', 'client_id': '030400028937', 'market_value': '0', 'delist_flag': '0', 'current_amount': '0', 'real_buy_amount': '0', 'hold_amount': '1000.00'}, {'cost_balance': '19085.50', 'position_str': '0030400000000001112526200010000000000A290985659600585', 'stock_name': '海螺水泥', 'entrust_sell_amount': '0', 'hand_flag': '0', 'av_income_balance': '0', 'delist_date': '0', 'stock_type': '0', 'profit_ratio': '3.04', 'last_price': '21.8500', 'stock_code': '600585', 'income_balance_nofare': '579.50', 'income_balance': '579.50', 'keep_cost_price': '21.206', 'exchange_type': '1', 'enable_amount': '900.00', 'fund_account': '11125262', 'par_value': '1.000', 'av_buy_price': '21.200', 'real_sell_amount': '0', 'cost_price': '21.206', 'stock_account': 'A290985659', 'exchange_type_dict': '上海', 'frozen_amount': '0', 'uncome_sell_amount': '0', 'asset_price': '21.850', 'uncome_buy_amount': '0', 'client_id': '030400028937', 'market_value': '19665.00', 'delist_flag': '0', 'current_amount': '900.00', 'real_buy_amount': '0', 'hold_amount': '900.00'}], 'total': 2, 'success': True}
2017-06-07 12:07:35,009 [INFO] gf_ant.py 141: {'sell': [], 'buy': [], 'date': '2017-06-07'}
2017-06-07 12:07:35,009 [INFO] gf_ant.py 167: ant working ending
2017-06-07 12:09:19,567 [INFO] gf_ant.py 126: {'mail_db': 'Ant_001.txt', 'mail_pass': 'abcabc123123', 'balance': 50000, 'group': ['Ant_001', 'Ant_003'], 'mail_host': 'imap.163.com', 'mail_user': 'qq3532619@163.com'}
2017-06-07 12:09:19,567 [INFO] gf_ant.py 128: login gf
2017-06-07 12:09:19,568 [INFO] gf_ant.py 130: login gf2
2017-06-07 12:09:20,803 [INFO] gf_ant.py 132: login gf3
2017-06-07 12:09:20,803 [INFO] gf_ant.py 39: handle mail function...........
2017-06-07 12:09:21,239 [INFO] gf_ant.py 58: <5934B36F.6AC7F9.29877@m181-177.vip.163.com>
2017-06-07 12:09:21,283 [INFO] gf_ant.py 58: <5934B36C.6AC7E9.29877@m181-177.vip.163.com>
2017-06-07 12:09:21,356 [INFO] gf_ant.py 58: <5934B36F.994CA7.01789@mail-177180.vip.163.com>
2017-06-07 12:09:21,729 [INFO] gf_ant.py 58: None
2017-06-07 12:09:21,772 [INFO] gf_ant.py 58: <593604F0.01FA5D.20399@mail-177180.vip.163.com>
2017-06-07 12:09:21,815 [INFO] gf_ant.py 58: <593604EE.01FA51.20399@mail-177180.vip.163.com>
2017-06-07 12:09:21,859 [INFO] gf_ant.py 58: <593604EA.024C30.18926@m181-177.vip.163.com>
2017-06-07 12:09:21,905 [INFO] gf_ant.py 58: <5937566F.063384.18926@m181-177.vip.163.com>
2017-06-07 12:09:21,909 [INFO] gf_ant.py 75: Ant_001 微利策略信号
2017-06-07 12:09:21,910 [INFO] gf_ant.py 79: mail is handled
2017-06-07 12:09:21,910 [INFO] gf_ant.py 81: {"date": "", "sell": [], "buy": []}{"Total_profit_rate": "0%"}
2017-06-07 12:09:21,974 [INFO] gf_ant.py 58: <5937566F.063385.18926@m181-177.vip.163.com>
2017-06-07 12:09:21,974 [INFO] gf_ant.py 75: Ant_003 精选策略信号
2017-06-07 12:09:21,974 [INFO] gf_ant.py 83: mail is handled 3<5937566F.063385.18926@m181-177.vip.163.com>
2017-06-07 12:09:22,054 [INFO] gf_ant.py 139: trading...........
2017-06-07 12:09:22,054 [INFO] gf_ant.py 140: {'total': 2, 'data': [{'av_income_balance': '0', 'stock_account': 'A290985659', 'asset_price': '17.940', 'enable_amount': '0', 'income_balance': '1202.42', 'cost_price': '16.270', 'stock_code': '600004', 'frozen_amount': '0', 'delist_flag': '0', 'exchange_type': '1', 'income_balance_nofare': '1202.42', 'par_value': '1.000', 'stock_type': '0', 'hand_flag': '0', 'last_price': '17.9400', 'uncome_sell_amount': '0', 'real_sell_amount': '1000.00', 'current_amount': '0', 'profit_ratio': '10.26', 'fund_account': '11125262', 'entrust_sell_amount': '1000.00', 'client_id': '030400028937', 'delist_date': '0', 'exchange_type_dict': '上海', 'market_value': '0', 'cost_balance': '-1202.42', 'hold_amount': '1000.00', 'position_str': '0030400000000001112526200010000000000A290985659600004', 'av_buy_price': '16.270', 'real_buy_amount': '0', 'uncome_buy_amount': '0', 'stock_name': '白云机场', 'keep_cost_price': '16.270'}, {'av_income_balance': '0', 'stock_account': 'A290985659', 'asset_price': '21.850', 'enable_amount': '900.00', 'income_balance': '579.50', 'cost_price': '21.206', 'stock_code': '600585', 'frozen_amount': '0', 'delist_flag': '0', 'exchange_type': '1', 'income_balance_nofare': '579.50', 'par_value': '1.000', 'stock_type': '0', 'hand_flag': '0', 'last_price': '21.8500', 'uncome_sell_amount': '0', 'real_sell_amount': '0', 'current_amount': '900.00', 'profit_ratio': '3.04', 'fund_account': '11125262', 'entrust_sell_amount': '0', 'client_id': '030400028937', 'delist_date': '0', 'exchange_type_dict': '上海', 'market_value': '19665.00', 'cost_balance': '19085.50', 'hold_amount': '900.00', 'position_str': '0030400000000001112526200010000000000A290985659600585', 'av_buy_price': '21.200', 'real_buy_amount': '0', 'uncome_buy_amount': '0', 'stock_name': '海螺水泥', 'keep_cost_price': '21.206'}], 'success': True, 'error_no': 0}
2017-06-07 12:09:22,055 [INFO] gf_ant.py 141: {'sell': [], 'buy': [], 'date': '2017-06-07'}
2017-06-07 12:09:22,055 [INFO] gf_ant.py 167: ant working ending
2017-06-07 12:09:39,664 [INFO] gf_ant.py 126: {'mail_user': 'qq3532619@163.com', 'mail_db': 'Ant_001.txt', 'group': ['Ant_001', 'Ant_003'], 'mail_pass': 'abcabc123123', 'balance': 50000, 'mail_host': 'imap.163.com'}
2017-06-07 12:09:39,665 [INFO] gf_ant.py 128: login gf
2017-06-07 12:09:39,665 [INFO] gf_ant.py 130: login gf2
2017-06-07 12:09:40,361 [INFO] gf_ant.py 132: login gf3
2017-06-07 12:09:40,361 [INFO] gf_ant.py 39: handle mail function...........
2017-06-07 12:09:40,789 [INFO] gf_ant.py 58: <5934B36F.6AC7F9.29877@m181-177.vip.163.com>
2017-06-07 12:09:40,833 [INFO] gf_ant.py 58: <5934B36C.6AC7E9.29877@m181-177.vip.163.com>
2017-06-07 12:09:40,877 [INFO] gf_ant.py 58: <5934B36F.994CA7.01789@mail-177180.vip.163.com>
2017-06-07 12:09:40,928 [INFO] gf_ant.py 58: None
2017-06-07 12:09:40,972 [INFO] gf_ant.py 58: <593604F0.01FA5D.20399@mail-177180.vip.163.com>
2017-06-07 12:09:41,015 [INFO] gf_ant.py 58: <593604EE.01FA51.20399@mail-177180.vip.163.com>
2017-06-07 12:09:41,075 [INFO] gf_ant.py 58: <593604EA.024C30.18926@m181-177.vip.163.com>
2017-06-07 12:09:41,120 [INFO] gf_ant.py 58: <5937566F.063384.18926@m181-177.vip.163.com>
2017-06-07 12:09:41,125 [INFO] gf_ant.py 75: Ant_001 微利策略信号
2017-06-07 12:09:41,126 [INFO] gf_ant.py 79: mail is handled
2017-06-07 12:09:41,126 [INFO] gf_ant.py 81: {"date": "", "sell": [], "buy": []}{"Total_profit_rate": "0%"}
2017-06-07 12:09:41,170 [INFO] gf_ant.py 58: <5937566F.063385.18926@m181-177.vip.163.com>
2017-06-07 12:09:41,171 [INFO] gf_ant.py 75: Ant_003 精选策略信号
2017-06-07 12:09:41,171 [INFO] gf_ant.py 83: mail is handled 3<5937566F.063385.18926@m181-177.vip.163.com>
2017-06-07 12:09:41,220 [INFO] gf_ant.py 139: trading...........
2017-06-07 12:09:41,220 [INFO] gf_ant.py 140: {'data': [{'stock_name': '白云机场', 'hand_flag': '0', 'av_income_balance': '0', 'uncome_sell_amount': '0', 'cost_balance': '-1202.42', 'real_sell_amount': '1000.00', 'last_price': '17.9400', 'position_str': '0030400000000001112526200010000000000A290985659600004', 'current_amount': '0', 'entrust_sell_amount': '1000.00', 'delist_flag': '0', 'income_balance': '1202.42', 'av_buy_price': '16.270', 'market_value': '0', 'keep_cost_price': '16.270', 'par_value': '1.000', 'delist_date': '0', 'hold_amount': '1000.00', 'stock_account': 'A290985659', 'enable_amount': '0', 'stock_type': '0', 'profit_ratio': '10.26', 'income_balance_nofare': '1202.42', 'real_buy_amount': '0', 'fund_account': '11125262', 'exchange_type': '1', 'stock_code': '600004', 'asset_price': '17.940', 'exchange_type_dict': '上海', 'cost_price': '16.270', 'client_id': '030400028937', 'frozen_amount': '0', 'uncome_buy_amount': '0'}, {'stock_name': '海螺水泥', 'hand_flag': '0', 'av_income_balance': '0', 'uncome_sell_amount': '0', 'cost_balance': '19085.50', 'real_sell_amount': '0', 'last_price': '21.8500', 'position_str': '0030400000000001112526200010000000000A290985659600585', 'current_amount': '900.00', 'entrust_sell_amount': '0', 'delist_flag': '0', 'income_balance': '579.50', 'av_buy_price': '21.200', 'market_value': '19665.00', 'keep_cost_price': '21.206', 'par_value': '1.000', 'delist_date': '0', 'hold_amount': '900.00', 'stock_account': 'A290985659', 'enable_amount': '900.00', 'stock_type': '0', 'profit_ratio': '3.04', 'income_balance_nofare': '579.50', 'real_buy_amount': '0', 'fund_account': '11125262', 'exchange_type': '1', 'stock_code': '600585', 'asset_price': '21.850', 'exchange_type_dict': '上海', 'cost_price': '21.206', 'client_id': '030400028937', 'frozen_amount': '0', 'uncome_buy_amount': '0'}], 'success': True, 'error_no': 0, 'total': 2}
2017-06-07 12:09:41,220 [INFO] gf_ant.py 141: {'buy': [], 'date': '2017-06-07', 'sell': []}
2017-06-07 12:09:41,221 [INFO] gf_ant.py 167: ant working ending
2017-06-07 12:10:11,069 [INFO] gf_ant.py 126: {'mail_db': 'Ant_001.txt', 'group': ['Ant_001', 'Ant_003'], 'balance': 50000, 'mail_host': 'imap.163.com', 'mail_user': 'qq3532619@163.com', 'mail_pass': 'abcabc123123'}
2017-06-07 12:10:11,069 [INFO] gf_ant.py 128: login gf
2017-06-07 12:10:11,070 [INFO] gf_ant.py 130: login gf2
2017-06-07 12:10:12,966 [INFO] gf_ant.py 132: login gf3
2017-06-07 12:10:12,970 [INFO] gf_ant.py 39: handle mail function...........
2017-06-07 12:10:14,819 [INFO] gf_ant.py 58: <5934B36F.6AC7F9.29877@m181-177.vip.163.com>
2017-06-07 12:10:14,880 [INFO] gf_ant.py 58: <5934B36C.6AC7E9.29877@m181-177.vip.163.com>
2017-06-07 12:10:14,940 [INFO] gf_ant.py 58: <5934B36F.994CA7.01789@mail-177180.vip.163.com>
2017-06-07 12:10:15,008 [INFO] gf_ant.py 58: None
2017-06-07 12:10:15,075 [INFO] gf_ant.py 58: <593604F0.01FA5D.20399@mail-177180.vip.163.com>
2017-06-07 12:10:15,149 [INFO] gf_ant.py 58: <593604EE.01FA51.20399@mail-177180.vip.163.com>
2017-06-07 12:10:15,220 [INFO] gf_ant.py 58: <593604EA.024C30.18926@m181-177.vip.163.com>
2017-06-07 12:10:15,281 [INFO] gf_ant.py 58: <5937566F.063384.18926@m181-177.vip.163.com>
2017-06-07 12:10:15,286 [INFO] gf_ant.py 75: Ant_001 微利策略信号
2017-06-07 12:10:15,287 [INFO] gf_ant.py 79: mail is handled
2017-06-07 12:10:15,287 [INFO] gf_ant.py 81: {"date": "", "sell": [], "buy": []}{"Total_profit_rate": "0%"}
2017-06-07 12:10:15,348 [INFO] gf_ant.py 58: <5937566F.063385.18926@m181-177.vip.163.com>
2017-06-07 12:10:15,349 [INFO] gf_ant.py 75: Ant_003 精选策略信号
2017-06-07 12:10:15,350 [INFO] gf_ant.py 83: mail is handled 3<5937566F.063385.18926@m181-177.vip.163.com>
2017-06-07 12:10:15,412 [INFO] gf_ant.py 139: trading...........
2017-06-07 12:10:15,412 [INFO] gf_ant.py 140: {'total': 2, 'data': [{'current_amount': '0', 'stock_code': '600004', 'position_str': '0030400000000001112526200010000000000A290985659600004', 'client_id': '030400028937', 'av_income_balance': '0', 'av_buy_price': '16.270', 'frozen_amount': '0', 'profit_ratio': '10.26', 'hold_amount': '1000.00', 'real_buy_amount': '0', 'enable_amount': '0', 'delist_flag': '0', 'hand_flag': '0', 'uncome_sell_amount': '0', 'delist_date': '0', 'asset_price': '17.940', 'fund_account': '11125262', 'exchange_type_dict': '上海', 'stock_type': '0', 'uncome_buy_amount': '0', 'income_balance_nofare': '1202.42', 'stock_name': '白云机场', 'real_sell_amount': '1000.00', 'cost_balance': '-1202.42', 'entrust_sell_amount': '1000.00', 'exchange_type': '1', 'income_balance': '1202.42', 'cost_price': '16.270', 'stock_account': 'A290985659', 'market_value': '0', 'keep_cost_price': '16.270', 'par_value': '1.000', 'last_price': '17.9400'}, {'current_amount': '900.00', 'stock_code': '600585', 'position_str': '0030400000000001112526200010000000000A290985659600585', 'client_id': '030400028937', 'av_income_balance': '0', 'av_buy_price': '21.200', 'frozen_amount': '0', 'profit_ratio': '3.04', 'hold_amount': '900.00', 'real_buy_amount': '0', 'enable_amount': '900.00', 'delist_flag': '0', 'hand_flag': '0', 'uncome_sell_amount': '0', 'delist_date': '0', 'asset_price': '21.850', 'fund_account': '11125262', 'exchange_type_dict': '上海', 'stock_type': '0', 'uncome_buy_amount': '0', 'income_balance_nofare': '579.50', 'stock_name': '海螺水泥', 'real_sell_amount': '0', 'cost_balance': '19085.50', 'entrust_sell_amount': '0', 'exchange_type': '1', 'income_balance': '579.50', 'cost_price': '21.206', 'stock_account': 'A290985659', 'market_value': '19665.00', 'keep_cost_price': '21.206', 'par_value': '1.000', 'last_price': '21.8500'}], 'success': True, 'error_no': 0}
2017-06-07 12:10:15,413 [INFO] gf_ant.py 141: {'date': '2017-06-07', 'buy': [], 'sell': []}
2017-06-07 12:10:15,413 [INFO] gf_ant.py 167: ant working ending
2017-06-07 12:12:20,143 [INFO] gf_ant.py 126: {'balance': 50000, 'mail_db': 'Ant_001.txt', 'mail_pass': 'abcabc123123', 'group': ['Ant_001', 'Ant_003'], 'mail_host': 'imap.163.com', 'mail_user': 'qq3532619@163.com'}
2017-06-07 12:12:20,143 [INFO] gf_ant.py 128: login gf
2017-06-07 12:12:20,144 [INFO] gf_ant.py 130: login gf2
2017-06-07 12:12:21,250 [INFO] gf_ant.py 132: login gf3
2017-06-07 12:12:21,250 [INFO] gf_ant.py 39: handle mail function...........
2017-06-07 12:12:21,592 [INFO] gf_ant.py 58: <5934B36F.6AC7F9.29877@m181-177.vip.163.com>
2017-06-07 12:12:21,634 [INFO] gf_ant.py 58: <5934B36C.6AC7E9.29877@m181-177.vip.163.com>
2017-06-07 12:12:21,676 [INFO] gf_ant.py 58: <5934B36F.994CA7.01789@mail-177180.vip.163.com>
2017-06-07 12:12:21,722 [INFO] gf_ant.py 58: None
2017-06-07 12:12:21,764 [INFO] gf_ant.py 58: <593604F0.01FA5D.20399@mail-177180.vip.163.com>
2017-06-07 12:12:21,806 [INFO] gf_ant.py 58: <593604EE.01FA51.20399@mail-177180.vip.163.com>
2017-06-07 12:12:21,847 [INFO] gf_ant.py 58: <593604EA.024C30.18926@m181-177.vip.163.com>
2017-06-07 12:12:21,888 [INFO] gf_ant.py 58: <5937566F.063384.18926@m181-177.vip.163.com>
2017-06-07 12:12:21,893 [INFO] gf_ant.py 75: Ant_001 微利策略信号
2017-06-07 12:12:21,894 [INFO] gf_ant.py 83: mail is handled 3<5937566F.063384.18926@m181-177.vip.163.com>
2017-06-07 12:14:31,474 [INFO] gf_ant.py 126: {'balance': 50000, 'mail_host': 'imap.163.com', 'mail_user': 'qq3532619@163.com', 'group': ['Ant_001', 'Ant_003'], 'mail_db': 'Ant_001.txt', 'mail_pass': 'abcabc123123'}
2017-06-07 12:14:31,475 [INFO] gf_ant.py 128: login gf
2017-06-07 12:14:31,476 [INFO] gf_ant.py 130: login gf2
2017-06-07 12:14:32,852 [INFO] gf_ant.py 132: login gf3
2017-06-07 12:14:32,854 [INFO] gf_ant.py 39: handle mail function...........
2017-06-07 12:14:33,218 [INFO] gf_ant.py 58: <5934B36F.6AC7F9.29877@m181-177.vip.163.com>
2017-06-07 12:14:33,264 [INFO] gf_ant.py 58: <5934B36C.6AC7E9.29877@m181-177.vip.163.com>
2017-06-07 12:14:33,309 [INFO] gf_ant.py 58: <5934B36F.994CA7.01789@mail-177180.vip.163.com>
2017-06-07 12:14:33,371 [INFO] gf_ant.py 58: None
2017-06-07 12:14:33,415 [INFO] gf_ant.py 58: <593604F0.01FA5D.20399@mail-177180.vip.163.com>
2017-06-07 12:14:33,460 [INFO] gf_ant.py 58: <593604EE.01FA51.20399@mail-177180.vip.163.com>
2017-06-07 12:14:33,503 [INFO] gf_ant.py 58: <593604EA.024C30.18926@m181-177.vip.163.com>
2017-06-07 12:14:33,547 [INFO] gf_ant.py 58: <5937566F.063384.18926@m181-177.vip.163.com>
2017-06-07 12:14:33,552 [INFO] gf_ant.py 75: Ant_001 微利策略信号
2017-06-07 12:14:33,553 [INFO] gf_ant.py 83: mail is handled 3<5937566F.063384.18926@m181-177.vip.163.com>
2017-06-07 12:17:54,973 [INFO] gf_ant.py 126: {'mail_db': 'Ant_001.txt', 'mail_pass': 'abcabc123123', 'balance': 50000, 'group': ['Ant_001', 'Ant_003'], 'mail_host': 'imap.163.com', 'mail_user': 'qq3532619@163.com'}
2017-06-07 12:17:54,973 [INFO] gf_ant.py 128: login gf
2017-06-07 12:17:54,975 [INFO] gf_ant.py 130: login gf2
2017-06-07 12:17:56,562 [INFO] gf_ant.py 132: login gf3
2017-06-07 12:17:56,566 [INFO] gf_ant.py 39: handle mail function...........
2017-06-07 12:17:56,903 [INFO] gf_ant.py 58: <5934B36F.6AC7F9.29877@m181-177.vip.163.com>
2017-06-07 12:17:56,949 [INFO] gf_ant.py 58: <5934B36C.6AC7E9.29877@m181-177.vip.163.com>
2017-06-07 12:17:57,011 [INFO] gf_ant.py 58: <5934B36F.994CA7.01789@mail-177180.vip.163.com>
2017-06-07 12:17:57,074 [INFO] gf_ant.py 58: None
2017-06-07 12:17:57,116 [INFO] gf_ant.py 58: <593604F0.01FA5D.20399@mail-177180.vip.163.com>
2017-06-07 12:17:57,163 [INFO] gf_ant.py 58: <593604EE.01FA51.20399@mail-177180.vip.163.com>
2017-06-07 12:17:57,205 [INFO] gf_ant.py 58: <593604EA.024C30.18926@m181-177.vip.163.com>
2017-06-07 12:17:57,246 [INFO] gf_ant.py 58: <5937566F.063384.18926@m181-177.vip.163.com>
2017-06-07 12:17:57,249 [INFO] gf_ant.py 75: Ant_001 微利策略信号
2017-06-07 12:17:57,249 [INFO] gf_ant.py 79: mail is handled
2017-06-07 12:17:57,249 [INFO] gf_ant.py 81: {"date": "", "sell": [], "buy": []}{"Total_profit_rate": "0%"}
2017-06-07 12:17:57,292 [INFO] gf_ant.py 58: <5937566F.063385.18926@m181-177.vip.163.com>
2017-06-07 12:17:57,294 [INFO] gf_ant.py 75: Ant_003 精选策略信号
2017-06-07 12:17:57,295 [INFO] gf_ant.py 79: mail is handled
2017-06-07 12:17:57,295 [INFO] gf_ant.py 81: {"date": "", "sell": [], "buy": []}{"Total_profit_rate": "0%"}
2017-06-07 12:18:15,393 [INFO] gf_ant.py 126: {'mail_host': 'imap.163.com', 'mail_db': 'Ant_001.txt', 'group': ['Ant_001', 'Ant_003'], 'mail_user': 'qq3532619@163.com', 'mail_pass': 'abcabc123123', 'balance': 50000}
2017-06-07 12:18:15,393 [INFO] gf_ant.py 128: login gf
2017-06-07 12:18:15,395 [INFO] gf_ant.py 130: login gf2
2017-06-07 12:18:16,920 [INFO] gf_ant.py 132: login gf3
2017-06-07 12:18:16,923 [INFO] gf_ant.py 39: handle mail function...........
2017-06-07 12:18:17,274 [INFO] gf_ant.py 58: <5934B36F.6AC7F9.29877@m181-177.vip.163.com>
2017-06-07 12:18:17,317 [INFO] gf_ant.py 58: <5934B36C.6AC7E9.29877@m181-177.vip.163.com>
2017-06-07 12:18:17,360 [INFO] gf_ant.py 58: <5934B36F.994CA7.01789@mail-177180.vip.163.com>
2017-06-07 12:18:17,410 [INFO] gf_ant.py 58: None
2017-06-07 12:18:17,452 [INFO] gf_ant.py 58: <593604F0.01FA5D.20399@mail-177180.vip.163.com>
2017-06-07 12:18:17,497 [INFO] gf_ant.py 58: <593604EE.01FA51.20399@mail-177180.vip.163.com>
2017-06-07 12:18:17,539 [INFO] gf_ant.py 58: <593604EA.024C30.18926@m181-177.vip.163.com>
2017-06-07 12:18:17,583 [INFO] gf_ant.py 58: <5937566F.063384.18926@m181-177.vip.163.com>
2017-06-07 12:18:17,588 [INFO] gf_ant.py 75: Ant_001 微利策略信号
2017-06-07 12:18:17,589 [INFO] gf_ant.py 83: mail is handled 3<5937566F.063384.18926@m181-177.vip.163.com>
2017-06-07 12:18:58,771 [INFO] gf_ant.py 126: {'mail_host': 'imap.163.com', 'mail_db': 'Ant_001.txt', 'balance': 50000, 'group': ['Ant_001', 'Ant_003'], 'mail_pass': 'abcabc123123', 'mail_user': 'qq3532619@163.com'}
2017-06-07 12:18:58,772 [INFO] gf_ant.py 128: login gf
2017-06-07 12:18:58,772 [INFO] gf_ant.py 130: login gf2
2017-06-07 12:19:01,221 [INFO] gf_ant.py 132: login gf3
2017-06-07 12:19:01,222 [INFO] gf_ant.py 39: handle mail function...........
2017-06-07 12:19:03,186 [INFO] gf_ant.py 58: <5934B36F.6AC7F9.29877@m181-177.vip.163.com>
2017-06-07 12:19:03,230 [INFO] gf_ant.py 58: <5934B36C.6AC7E9.29877@m181-177.vip.163.com>
2017-06-07 12:19:03,277 [INFO] gf_ant.py 58: <5934B36F.994CA7.01789@mail-177180.vip.163.com>
2017-06-07 12:19:03,330 [INFO] gf_ant.py 58: None
2017-06-07 12:19:03,382 [INFO] gf_ant.py 58: <593604F0.01FA5D.20399@mail-177180.vip.163.com>
2017-06-07 12:19:03,470 [INFO] gf_ant.py 58: <593604EE.01FA51.20399@mail-177180.vip.163.com>
2017-06-07 12:19:03,514 [INFO] gf_ant.py 58: <593604EA.024C30.18926@m181-177.vip.163.com>
2017-06-07 12:19:03,558 [INFO] gf_ant.py 58: <5937566F.063384.18926@m181-177.vip.163.com>
2017-06-07 12:19:03,562 [INFO] gf_ant.py 75: Ant_001 微利策略信号
2017-06-07 12:19:03,563 [INFO] gf_ant.py 79: mail is handled
2017-06-07 12:19:03,563 [INFO] gf_ant.py 81: {"date": "", "sell": [], "buy": []}{"Total_profit_rate": "0%"}
2017-06-07 12:19:03,607 [INFO] gf_ant.py 58: <5937566F.063385.18926@m181-177.vip.163.com>
2017-06-07 12:19:03,608 [INFO] gf_ant.py 75: Ant_003 精选策略信号
2017-06-07 12:19:03,608 [INFO] gf_ant.py 79: mail is handled
2017-06-07 12:19:03,608 [INFO] gf_ant.py 81: {"date": "", "sell": [], "buy": []}{"Total_profit_rate": "0%"}
2017-06-07 12:19:16,667 [INFO] gf_ant.py 126: {'mail_host': 'imap.163.com', 'group': ['Ant_001', 'Ant_003'], 'mail_db': 'Ant_001.txt', 'mail_pass': 'abcabc123123', 'balance': 50000, 'mail_user': 'qq3532619@163.com'}
2017-06-07 12:19:16,668 [INFO] gf_ant.py 128: login gf
2017-06-07 12:19:16,668 [INFO] gf_ant.py 130: login gf2
2017-06-07 12:19:17,847 [INFO] gf_ant.py 132: login gf3
2017-06-07 12:19:17,847 [INFO] gf_ant.py 39: handle mail function...........
2017-06-07 12:19:18,183 [INFO] gf_ant.py 58: <5934B36F.6AC7F9.29877@m181-177.vip.163.com>
2017-06-07 12:19:18,225 [INFO] gf_ant.py 58: <5934B36C.6AC7E9.29877@m181-177.vip.163.com>
2017-06-07 12:19:18,778 [INFO] gf_ant.py 58: <5934B36F.994CA7.01789@mail-177180.vip.163.com>
2017-06-07 12:19:18,861 [INFO] gf_ant.py 58: None
2017-06-07 12:19:18,902 [INFO] gf_ant.py 58: <593604F0.01FA5D.20399@mail-177180.vip.163.com>
2017-06-07 12:19:18,944 [INFO] gf_ant.py 58: <593604EE.01FA51.20399@mail-177180.vip.163.com>
2017-06-07 12:19:18,986 [INFO] gf_ant.py 58: <593604EA.024C30.18926@m181-177.vip.163.com>
2017-06-07 12:19:19,028 [INFO] gf_ant.py 58: <5937566F.063384.18926@m181-177.vip.163.com>
2017-06-07 12:19:19,031 [INFO] gf_ant.py 75: Ant_001 微利策略信号
2017-06-07 12:19:19,031 [INFO] gf_ant.py 83: mail is handled 3<5937566F.063384.18926@m181-177.vip.163.com>
2017-06-07 12:22:59,567 [INFO] gf_ant.py 128: {'mail_db': 'Ant_001.txt', 'group': ['Ant_001', 'Ant_003'], 'balance': 50000, 'mail_user': 'qq3532619@163.com', 'mail_host': 'imap.163.com', 'mail_pass': 'abcabc123123'}
2017-06-07 12:22:59,567 [INFO] gf_ant.py 130: login gf
2017-06-07 12:22:59,568 [INFO] gf_ant.py 132: login gf2
2017-06-07 12:23:04,781 [INFO] gf_ant.py 134: login gf3
2017-06-07 12:23:04,782 [INFO] gf_ant.py 40: handle mail function...........
2017-06-07 12:23:05,158 [INFO] gf_ant.py 59: <5934B36F.6AC7F9.29877@m181-177.vip.163.com>
2017-06-07 12:23:05,201 [INFO] gf_ant.py 59: <5934B36C.6AC7E9.29877@m181-177.vip.163.com>
2017-06-07 12:23:05,245 [INFO] gf_ant.py 59: <5934B36F.994CA7.01789@mail-177180.vip.163.com>
2017-06-07 12:23:05,291 [INFO] gf_ant.py 59: None
2017-06-07 12:23:05,333 [INFO] gf_ant.py 59: <593604F0.01FA5D.20399@mail-177180.vip.163.com>
2017-06-07 12:23:05,376 [INFO] gf_ant.py 59: <593604EE.01FA51.20399@mail-177180.vip.163.com>
2017-06-07 12:23:05,455 [INFO] gf_ant.py 59: <593604EA.024C30.18926@m181-177.vip.163.com>
2017-06-07 12:23:05,500 [INFO] gf_ant.py 59: <5937566F.063384.18926@m181-177.vip.163.com>
2017-06-07 12:23:05,503 [INFO] gf_ant.py 76: Ant_001 微利策略信号
2017-06-07 12:23:05,503 [INFO] gf_ant.py 80: mail is handled
2017-06-07 12:23:05,503 [INFO] gf_ant.py 82: {"date": "", "sell": [], "buy": []}{"Total_profit_rate": "0%"}
2017-06-07 12:23:05,544 [INFO] gf_ant.py 59: <5937566F.063385.18926@m181-177.vip.163.com>
2017-06-07 12:23:05,544 [INFO] gf_ant.py 76: Ant_003 精选策略信号
2017-06-07 12:23:05,544 [INFO] gf_ant.py 80: mail is handled
2017-06-07 12:23:05,545 [INFO] gf_ant.py 82: {"date": "", "sell": [], "buy": []}{"Total_profit_rate": "0%"}
2017-06-07 12:23:20,831 [INFO] gf_ant.py 128: {'mail_pass': 'abcabc123123', 'group': ['Ant_001', 'Ant_003'], 'mail_user': 'qq3532619@163.com', 'mail_host': 'imap.163.com', 'mail_db': 'Ant_001.txt', 'balance': 50000}
2017-06-07 12:23:20,831 [INFO] gf_ant.py 130: login gf
2017-06-07 12:23:20,831 [INFO] gf_ant.py 132: login gf2
2017-06-07 12:23:22,274 [INFO] gf_ant.py 134: login gf3
2017-06-07 12:23:22,275 [INFO] gf_ant.py 40: handle mail function...........
2017-06-07 12:23:22,606 [INFO] gf_ant.py 59: <5934B36F.6AC7F9.29877@m181-177.vip.163.com>
2017-06-07 12:23:22,650 [INFO] gf_ant.py 59: <5934B36C.6AC7E9.29877@m181-177.vip.163.com>
2017-06-07 12:23:22,694 [INFO] gf_ant.py 59: <5934B36F.994CA7.01789@mail-177180.vip.163.com>
2017-06-07 12:23:22,743 [INFO] gf_ant.py 59: None
2017-06-07 12:23:22,787 [INFO] gf_ant.py 59: <593604F0.01FA5D.20399@mail-177180.vip.163.com>
2017-06-07 12:23:22,831 [INFO] gf_ant.py 59: <593604EE.01FA51.20399@mail-177180.vip.163.com>
2017-06-07 12:23:22,875 [INFO] gf_ant.py 59: <593604EA.024C30.18926@m181-177.vip.163.com>
2017-06-07 12:23:22,919 [INFO] gf_ant.py 59: <5937566F.063384.18926@m181-177.vip.163.com>
2017-06-07 12:23:22,923 [INFO] gf_ant.py 76: Ant_001 微利策略信号
2017-06-07 12:23:22,923 [INFO] gf_ant.py 84: mail is handled 3<5937566F.063384.18926@m181-177.vip.163.com>
2017-06-07 12:23:22,925 [INFO] gf_ant.py 90: {"date": "2017-06-07", "sell": ["600004.XSHG"], "buy": []}{}{"Total_profit_rate": "80%"}
2017-06-07 12:24:49,860 [INFO] gf_ant.py 128: {'mail_user': 'qq3532619@163.com', 'mail_pass': 'abcabc123123', 'mail_db': 'Ant_001.txt', 'balance': 50000, 'mail_host': 'imap.163.com', 'group': ['Ant_001', 'Ant_003']}
2017-06-07 12:24:49,860 [INFO] gf_ant.py 130: login gf
2017-06-07 12:24:49,861 [INFO] gf_ant.py 132: login gf2
2017-06-07 12:24:51,230 [INFO] gf_ant.py 134: login gf3
2017-06-07 12:24:51,231 [INFO] gf_ant.py 40: handle mail function...........
2017-06-07 12:24:51,566 [INFO] gf_ant.py 59: <5934B36F.6AC7F9.29877@m181-177.vip.163.com>
2017-06-07 12:24:51,607 [INFO] gf_ant.py 59: <5934B36C.6AC7E9.29877@m181-177.vip.163.com>
2017-06-07 12:24:51,649 [INFO] gf_ant.py 59: <5934B36F.994CA7.01789@mail-177180.vip.163.com>
2017-06-07 12:24:51,696 [INFO] gf_ant.py 59: None
2017-06-07 12:24:51,738 [INFO] gf_ant.py 59: <593604F0.01FA5D.20399@mail-177180.vip.163.com>
2017-06-07 12:24:51,779 [INFO] gf_ant.py 59: <593604EE.01FA51.20399@mail-177180.vip.163.com>
2017-06-07 12:24:51,820 [INFO] gf_ant.py 59: <593604EA.024C30.18926@m181-177.vip.163.com>
2017-06-07 12:24:51,876 [INFO] gf_ant.py 59: <5937566F.063384.18926@m181-177.vip.163.com>
2017-06-07 12:24:51,879 [INFO] gf_ant.py 76: Ant_001 微利策略信号
2017-06-07 12:24:51,879 [INFO] gf_ant.py 80: mail is handled
2017-06-07 12:24:51,879 [INFO] gf_ant.py 82: {"date": "", "sell": [], "buy": []}{"Total_profit_rate": "0%"}
2017-06-07 12:24:51,922 [INFO] gf_ant.py 59: <5937566F.063385.18926@m181-177.vip.163.com>
2017-06-07 12:24:51,922 [INFO] gf_ant.py 76: Ant_003 精选策略信号
2017-06-07 12:24:51,922 [INFO] gf_ant.py 80: mail is handled
2017-06-07 12:24:51,922 [INFO] gf_ant.py 82: {"date": "", "sell": [], "buy": []}{"Total_profit_rate": "0%"}
2017-06-07 12:25:02,493 [INFO] gf_ant.py 128: {'balance': 50000, 'mail_host': 'imap.163.com', 'mail_user': 'qq3532619@163.com', 'mail_db': 'Ant_001.txt', 'group': ['Ant_001', 'Ant_003'], 'mail_pass': 'abcabc123123'}
2017-06-07 12:25:02,493 [INFO] gf_ant.py 130: login gf
2017-06-07 12:25:02,494 [INFO] gf_ant.py 132: login gf2
2017-06-07 12:25:07,456 [INFO] gf_ant.py 134: login gf3
2017-06-07 12:25:07,457 [INFO] gf_ant.py 40: handle mail function...........
2017-06-07 12:25:07,816 [INFO] gf_ant.py 59: <5934B36F.6AC7F9.29877@m181-177.vip.163.com>
2017-06-07 12:25:07,860 [INFO] gf_ant.py 59: <5934B36C.6AC7E9.29877@m181-177.vip.163.com>
2017-06-07 12:25:07,903 [INFO] gf_ant.py 59: <5934B36F.994CA7.01789@mail-177180.vip.163.com>
2017-06-07 12:25:07,957 [INFO] gf_ant.py 59: None
2017-06-07 12:25:08,000 [INFO] gf_ant.py 59: <593604F0.01FA5D.20399@mail-177180.vip.163.com>
2017-06-07 12:25:08,042 [INFO] gf_ant.py 59: <593604EE.01FA51.20399@mail-177180.vip.163.com>
2017-06-07 12:25:08,086 [INFO] gf_ant.py 59: <593604EA.024C30.18926@m181-177.vip.163.com>
2017-06-07 12:25:08,135 [INFO] gf_ant.py 59: <5937566F.063384.18926@m181-177.vip.163.com>
2017-06-07 12:25:08,139 [INFO] gf_ant.py 76: Ant_001 微利策略信号
2017-06-07 12:25:08,140 [INFO] gf_ant.py 84: mail is handled 3<5937566F.063384.18926@m181-177.vip.163.com>
2017-06-07 12:25:08,142 [INFO] gf_ant.py 90: {"date": "2017-06-07", "sell": ["600004.XSHG"], "buy": []}{}{"Total_profit_rate": "80%"}
2017-06-07 12:25:08,142 [INFO] gf_ant.py 35: {"date": "2017-06-07", "sell": ["600004.XSHG"], "buy": []}{}
2017-06-07 12:26:58,158 [INFO] gf_ant.py 130: {'balance': 50000, 'mail_pass': 'abcabc123123', 'mail_host': 'imap.163.com', 'mail_db': 'Ant_001.txt', 'group': ['Ant_001', 'Ant_003'], 'mail_user': 'qq3532619@163.com'}
2017-06-07 12:26:58,158 [INFO] gf_ant.py 132: login gf
2017-06-07 12:26:58,158 [INFO] gf_ant.py 134: login gf2
2017-06-07 12:26:59,268 [INFO] gf_ant.py 136: login gf3
2017-06-07 12:26:59,271 [INFO] gf_ant.py 42: handle mail function...........
2017-06-07 12:26:59,609 [INFO] gf_ant.py 61: <5934B36F.6AC7F9.29877@m181-177.vip.163.com>
2017-06-07 12:26:59,650 [INFO] gf_ant.py 61: <5934B36C.6AC7E9.29877@m181-177.vip.163.com>
2017-06-07 12:26:59,691 [INFO] gf_ant.py 61: <5934B36F.994CA7.01789@mail-177180.vip.163.com>
2017-06-07 12:26:59,736 [INFO] gf_ant.py 61: None
2017-06-07 12:26:59,776 [INFO] gf_ant.py 61: <593604F0.01FA5D.20399@mail-177180.vip.163.com>
2017-06-07 12:26:59,816 [INFO] gf_ant.py 61: <593604EE.01FA51.20399@mail-177180.vip.163.com>
2017-06-07 12:26:59,857 [INFO] gf_ant.py 61: <593604EA.024C30.18926@m181-177.vip.163.com>
2017-06-07 12:26:59,899 [INFO] gf_ant.py 61: <5937566F.063384.18926@m181-177.vip.163.com>
2017-06-07 12:26:59,904 [INFO] gf_ant.py 78: Ant_001 微利策略信号
2017-06-07 12:26:59,905 [INFO] gf_ant.py 82: mail is handled
2017-06-07 12:26:59,906 [INFO] gf_ant.py 84: {"date": "", "sell": [], "buy": []}{"Total_profit_rate": "0%"}
2017-06-07 12:26:59,946 [INFO] gf_ant.py 61: <5937566F.063385.18926@m181-177.vip.163.com>
2017-06-07 12:26:59,947 [INFO] gf_ant.py 78: Ant_003 精选策略信号
2017-06-07 12:26:59,948 [INFO] gf_ant.py 82: mail is handled
2017-06-07 12:26:59,948 [INFO] gf_ant.py 84: {"date": "", "sell": [], "buy": []}{"Total_profit_rate": "0%"}
2017-06-07 12:27:08,564 [INFO] gf_ant.py 130: {'mail_pass': 'abcabc123123', 'group': ['Ant_001', 'Ant_003'], 'balance': 50000, 'mail_host': 'imap.163.com', 'mail_user': 'qq3532619@163.com', 'mail_db': 'Ant_001.txt'}
2017-06-07 12:27:08,564 [INFO] gf_ant.py 132: login gf
2017-06-07 12:27:08,565 [INFO] gf_ant.py 134: login gf2
2017-06-07 12:27:09,344 [INFO] gf_ant.py 136: login gf3
2017-06-07 12:27:09,344 [INFO] gf_ant.py 42: handle mail function...........
2017-06-07 12:27:09,716 [INFO] gf_ant.py 61: <5934B36F.6AC7F9.29877@m181-177.vip.163.com>
2017-06-07 12:27:09,758 [INFO] gf_ant.py 61: <5934B36C.6AC7E9.29877@m181-177.vip.163.com>
2017-06-07 12:27:09,800 [INFO] gf_ant.py 61: <5934B36F.994CA7.01789@mail-177180.vip.163.com>
2017-06-07 12:27:09,848 [INFO] gf_ant.py 61: None
2017-06-07 12:27:09,892 [INFO] gf_ant.py 61: <593604F0.01FA5D.20399@mail-177180.vip.163.com>
2017-06-07 12:27:09,932 [INFO] gf_ant.py 61: <593604EE.01FA51.20399@mail-177180.vip.163.com>
2017-06-07 12:27:09,974 [INFO] gf_ant.py 61: <593604EA.024C30.18926@m181-177.vip.163.com>
2017-06-07 12:27:10,014 [INFO] gf_ant.py 61: <5937566F.063384.18926@m181-177.vip.163.com>
2017-06-07 12:27:10,019 [INFO] gf_ant.py 78: Ant_001 微利策略信号
2017-06-07 12:27:10,019 [INFO] gf_ant.py 86: mail is handled 3<5937566F.063384.18926@m181-177.vip.163.com>
2017-06-07 12:27:10,021 [INFO] gf_ant.py 92: {"date": "2017-06-07", "sell": ["600004.XSHG"], "buy": []}{}{"Total_profit_rate": "80%"}
2017-06-07 12:27:10,021 [INFO] gf_ant.py 35: -3
2017-06-07 12:27:10,021 [INFO] gf_ant.py 36: 60
2017-06-07 12:27:10,022 [INFO] gf_ant.py 37: {"date": "2017-06-07", "sell": ["600004.XSHG"], "buy": []}{}
2017-06-07 12:29:22,990 [INFO] gf_ant.py 133: {'group': ['Ant_001', 'Ant_003'], 'mail_pass': 'abcabc123123', 'mail_db': 'Ant_001.txt', 'balance': 50000, 'mail_user': 'qq3532619@163.com', 'mail_host': 'imap.163.com'}
2017-06-07 12:29:22,990 [INFO] gf_ant.py 135: login gf
2017-06-07 12:29:22,991 [INFO] gf_ant.py 137: login gf2
2017-06-07 12:30:10,919 [INFO] gf_ant.py 133: {'group': ['Ant_001', 'Ant_003'], 'mail_pass': 'abcabc123123', 'balance': 50000, 'mail_user': 'qq3532619@163.com', 'mail_host': 'imap.163.com', 'mail_db': 'Ant_001.txt'}
2017-06-07 12:30:10,919 [INFO] gf_ant.py 135: login gf
2017-06-07 12:30:10,920 [INFO] gf_ant.py 137: login gf2
2017-06-07 12:30:15,134 [INFO] gf_ant.py 139: login gf3
2017-06-07 12:30:15,135 [INFO] gf_ant.py 45: handle mail function...........
2017-06-07 12:30:15,472 [INFO] gf_ant.py 64: <5934B36F.6AC7F9.29877@m181-177.vip.163.com>
2017-06-07 12:30:15,513 [INFO] gf_ant.py 64: <5934B36C.6AC7E9.29877@m181-177.vip.163.com>
2017-06-07 12:30:15,555 [INFO] gf_ant.py 64: <5934B36F.994CA7.01789@mail-177180.vip.163.com>
2017-06-07 12:30:15,601 [INFO] gf_ant.py 64: None
2017-06-07 12:30:15,641 [INFO] gf_ant.py 64: <593604F0.01FA5D.20399@mail-177180.vip.163.com>
2017-06-07 12:30:15,682 [INFO] gf_ant.py 64: <593604EE.01FA51.20399@mail-177180.vip.163.com>
2017-06-07 12:30:15,722 [INFO] gf_ant.py 64: <593604EA.024C30.18926@m181-177.vip.163.com>
2017-06-07 12:30:15,762 [INFO] gf_ant.py 64: <5937566F.063384.18926@m181-177.vip.163.com>
2017-06-07 12:30:15,769 [INFO] gf_ant.py 81: Ant_001 微利策略信号
2017-06-07 12:30:15,769 [INFO] gf_ant.py 85: mail is handled
2017-06-07 12:30:15,770 [INFO] gf_ant.py 87: {"date": "", "sell": [], "buy": []}{"Total_profit_rate": "0%"}
2017-06-07 12:30:15,810 [INFO] gf_ant.py 64: <5937566F.063385.18926@m181-177.vip.163.com>
2017-06-07 12:30:15,811 [INFO] gf_ant.py 81: Ant_003 精选策略信号
2017-06-07 12:30:15,812 [INFO] gf_ant.py 85: mail is handled
2017-06-07 12:30:15,812 [INFO] gf_ant.py 87: {"date": "", "sell": [], "buy": []}{"Total_profit_rate": "0%"}
2017-06-07 12:30:35,626 [INFO] gf_ant.py 133: {'mail_host': 'imap.163.com', 'balance': 50000, 'group': ['Ant_001', 'Ant_003'], 'mail_db': 'Ant_001.txt', 'mail_pass': 'abcabc123123', 'mail_user': 'qq3532619@163.com'}
2017-06-07 12:30:35,626 [INFO] gf_ant.py 135: login gf
2017-06-07 12:30:35,627 [INFO] gf_ant.py 137: login gf2
2017-06-07 12:30:37,618 [INFO] gf_ant.py 139: login gf3
2017-06-07 12:30:37,619 [INFO] gf_ant.py 45: handle mail function...........
2017-06-07 12:30:37,956 [INFO] gf_ant.py 64: <5934B36F.6AC7F9.29877@m181-177.vip.163.com>
2017-06-07 12:30:37,997 [INFO] gf_ant.py 64: <5934B36C.6AC7E9.29877@m181-177.vip.163.com>
2017-06-07 12:30:38,044 [INFO] gf_ant.py 64: <5934B36F.994CA7.01789@mail-177180.vip.163.com>
2017-06-07 12:30:38,091 [INFO] gf_ant.py 64: None
2017-06-07 12:30:38,133 [INFO] gf_ant.py 64: <593604F0.01FA5D.20399@mail-177180.vip.163.com>
2017-06-07 12:30:38,173 [INFO] gf_ant.py 64: <593604EE.01FA51.20399@mail-177180.vip.163.com>
2017-06-07 12:30:38,223 [INFO] gf_ant.py 64: <593604EA.024C30.18926@m181-177.vip.163.com>
2017-06-07 12:30:38,275 [INFO] gf_ant.py 64: <5937566F.063384.18926@m181-177.vip.163.com>
2017-06-07 12:30:38,279 [INFO] gf_ant.py 81: Ant_001 微利策略信号
2017-06-07 12:30:38,280 [INFO] gf_ant.py 89: mail is handled 3<5937566F.063384.18926@m181-177.vip.163.com>
2017-06-07 12:30:38,281 [INFO] gf_ant.py 95: {"date": "2017-06-07", "sell": ["600004.XSHG"], "buy": []}{}{"Total_profit_rate": "80%"}
2017-06-07 12:30:38,282 [INFO] gf_ant.py 35: -3
2017-06-07 12:30:38,337 [INFO] gf_ant.py 146: trading...........
2017-06-07 12:30:38,338 [INFO] gf_ant.py 147: {'data': [{'exchange_type': '1', 'income_balance': '1202.42', 'delist_date': '0', 'real_buy_amount': '0', 'enable_amount': '0', 'market_value': '0', 'exchange_type_dict': '上海', 'entrust_sell_amount': '1000.00', 'delist_flag': '0', 'par_value': '1.000', 'stock_name': '白云机场', 'current_amount': '0', 'cost_balance': '-1202.42', 'stock_type': '0', 'client_id': '030400028937', 'hand_flag': '0', 'last_price': '17.9400', 'stock_code': '600004', 'av_buy_price': '16.270', 'asset_price': '17.940', 'keep_cost_price': '16.270', 'cost_price': '16.270', 'uncome_buy_amount': '0', 'av_income_balance': '0', 'uncome_sell_amount': '0', 'position_str': '0030400000000001112526200010000000000A290985659600004', 'fund_account': '11125262', 'profit_ratio': '10.26', 'real_sell_amount': '1000.00', 'frozen_amount': '0', 'income_balance_nofare': '1202.42', 'hold_amount': '1000.00', 'stock_account': 'A290985659'}, {'exchange_type': '1', 'income_balance': '579.50', 'delist_date': '0', 'real_buy_amount': '0', 'enable_amount': '900.00', 'market_value': '19665.00', 'exchange_type_dict': '上海', 'entrust_sell_amount': '0', 'delist_flag': '0', 'par_value': '1.000', 'stock_name': '海螺水泥', 'current_amount': '900.00', 'cost_balance': '19085.50', 'stock_type': '0', 'client_id': '030400028937', 'hand_flag': '0', 'last_price': '21.8500', 'stock_code': '600585', 'av_buy_price': '21.200', 'asset_price': '21.850', 'keep_cost_price': '21.206', 'cost_price': '21.206', 'uncome_buy_amount': '0', 'av_income_balance': '0', 'uncome_sell_amount': '0', 'position_str': '0030400000000001112526200010000000000A290985659600585', 'fund_account': '11125262', 'profit_ratio': '3.04', 'real_sell_amount': '0', 'frozen_amount': '0', 'income_balance_nofare': '579.50', 'hold_amount': '900.00', 'stock_account': 'A290985659'}], 'total': 2, 'error_no': 0, 'success': True}
2017-06-07 12:30:38,338 [INFO] gf_ant.py 148: {'sell': ['600004.XSHG'], 'buy': [], 'date': '2017-06-07'}
2017-06-07 12:30:38,339 [INFO] gf_ant.py 153: sell clear  code 600004
2017-06-07 12:30:38,386 [INFO] gf_ant.py 160: {'success': False, 'total': 0, 'error_info': '[120155][委托数量必须大于0, 且深圳数量位数不能超过9位, 上海委托数量不能超过8位]\r\n[exchange_type=1,p_entrust_amount=0.00]\n', 'error_no': '-61'}
2017-06-07 12:30:38,387 [INFO] gf_ant.py 162: sell clear code = 600004 amount=0 last price=17.9400
2017-06-07 12:30:38,387 [INFO] gf_ant.py 174: ant working ending
2017-06-07 12:30:38,429 [INFO] gf_ant.py 64: <5937566F.063385.18926@m181-177.vip.163.com>
2017-06-07 12:30:38,430 [INFO] gf_ant.py 81: Ant_003 精选策略信号
2017-06-07 12:30:38,430 [INFO] gf_ant.py 85: mail is handled
2017-06-07 12:30:38,431 [INFO] gf_ant.py 87: {"date": "", "sell": [], "buy": []}{"Total_profit_rate": "0%"}
